<?xml version="1.0" encoding="UTF-8"?>
<!-- Generated by org.testng.reporters.JUnitReportReporter -->
<testsuite hostname="DESKTOP-F52EDBA" failures="0" tests="3" name="testNG.EnabledFalsePractice" time="0.011" errors="0" timestamp="2023-01-20T10:55:47 IST" skipped="1">
  <testcase classname="testNG.EnabledFalsePractice" name="test0" time="0.010"/>
  <system-out/>
  <testcase classname="testNG.EnabledFalsePractice" name="test1" time="0.001"/>
  <system-out/>
  <testcase classname="testNG.EnabledFalsePractice" name="test2">
    <skipped/>
  </testcase> <!-- test2 -->
  <system-out/>
</testsuite> <!-- testNG.EnabledFalsePractice -->
