<?xml version="1.0" encoding="UTF-8"?>
<!-- Generated by org.testng.reporters.JUnitReportReporter -->
<testsuite hostname="DESKTOP-F52EDBA" failures="0" tests="5" name="testNG.PriorityPractice2" time="0.024" errors="0" timestamp="2023-01-20T10:31:11 IST" skipped="0">
  <testcase classname="testNG.PriorityPractice2" name="demo1" time="0.016"/>
  <system-out/>
  <testcase classname="testNG.PriorityPractice2" name="demo4" time="0.002"/>
  <system-out/>
  <testcase classname="testNG.PriorityPractice2" name="demo5" time="0.003"/>
  <system-out/>
  <testcase classname="testNG.PriorityPractice2" name="demo3" time="0.002"/>
  <system-out/>
  <testcase classname="testNG.PriorityPractice2" name="demo2" time="0.001"/>
  <system-out/>
</testsuite> <!-- testNG.PriorityPractice2 -->
