<?xml version="1.0" encoding="UTF-8"?>
<!-- Generated by org.testng.reporters.JUnitReportReporter -->
<testsuite hostname="DESKTOP-F52EDBA" failures="0" tests="1" name="batchExecution.FourthTest" time="0.001" errors="0" timestamp="2023-01-21T11:33:20 IST" skipped="0">
  <testcase classname="batchExecution.FourthTest" name="demo" time="0.001"/>
  <system-out>
    <![CDATA[FourthTest]]>
  </system-out>
</testsuite> <!-- batchExecution.FourthTest -->
