<?xml version="1.0" encoding="UTF-8"?>
<!-- Generated by org.testng.reporters.JUnitReportReporter -->
<testsuite hostname="DESKTOP-F52EDBA" failures="0" tests="5" name="testNG.PriorityPractice" time="0.038" errors="0" timestamp="2023-01-20T10:25:22 IST" skipped="0">
  <testcase classname="testNG.PriorityPractice" name="demo2" time="0.019"/>
  <system-out/>
  <testcase classname="testNG.PriorityPractice" name="demo3" time="0.007"/>
  <system-out/>
  <testcase classname="testNG.PriorityPractice" name="demo5" time="0.004"/>
  <system-out/>
  <testcase classname="testNG.PriorityPractice" name="demo4" time="0.006"/>
  <system-out/>
  <testcase classname="testNG.PriorityPractice" name="demo1" time="0.002"/>
  <system-out/>
</testsuite> <!-- testNG.PriorityPractice -->
