<?xml version="1.0" encoding="UTF-8"?>
<!-- Generated by org.testng.reporters.JUnitReportReporter -->
<testsuite hostname="DESKTOP-F52EDBA" failures="0" tests="3" name="crossbrowserparallel.ActitimeLoginTest" time="45.731" errors="0" timestamp="2023-01-24T10:25:10 IST" skipped="0">
  <testcase classname="crossbrowserparallel.ActitimeLoginTest" name="loginTest" time="16.728"/>
  <system-out/>
  <testcase classname="crossbrowserparallel.ActitimeLoginTest" name="loginTest" time="15.051"/>
  <system-out/>
  <testcase classname="crossbrowserparallel.ActitimeLoginTest" name="loginTest" time="13.952"/>
  <system-out/>
</testsuite> <!-- crossbrowserparallel.ActitimeLoginTest -->
