<?xml version="1.0" encoding="UTF-8"?>
<!-- Generated by org.testng.reporters.JUnitReportReporter -->
<testsuite hostname="DESKTOP-F52EDBA" failures="0" tests="2" name="groupExecution.SecondTest" time="0.006" errors="0" timestamp="2023-01-21T11:51:00 IST" skipped="0">
  <testcase classname="groupExecution.SecondTest" name="test0" time="0.005"/>
  <system-out/>
  <testcase classname="groupExecution.SecondTest" name="test1" time="0.001"/>
  <system-out/>
</testsuite> <!-- groupExecution.SecondTest -->
