<?xml version="1.0" encoding="UTF-8"?>
<!-- Generated by org.testng.reporters.JUnitReportReporter -->
<testsuite hostname="DESKTOP-F52EDBA" failures="0" tests="1" name="testNG.SampleTest" time="0.020" errors="0" timestamp="2023-01-19T11:52:44 IST" skipped="0">
  <testcase classname="testNG.SampleTest" name="demo" time="0.020"/>
  <system-out>
    <![CDATA[Hello World]]>
  </system-out>
</testsuite> <!-- testNG.SampleTest -->
