<?xml version="1.0" encoding="UTF-8"?>
<!-- Generated by org.testng.reporters.JUnitReportReporter -->
<testsuite hostname="DESKTOP-F52EDBA" failures="0" tests="6" name="testNG.InvocationCountPractice" time="0.020" errors="0" timestamp="2023-01-20T10:41:29 IST" skipped="0">
  <testcase classname="testNG.InvocationCountPractice" name="demo1" time="0.002"/>
  <system-out/>
  <testcase classname="testNG.InvocationCountPractice" name="demo4" time="0.006"/>
  <system-out/>
  <testcase classname="testNG.InvocationCountPractice" name="demo1" time="0.008"/>
  <system-out/>
  <testcase classname="testNG.InvocationCountPractice" name="demo4" time="0.001"/>
  <system-out/>
  <testcase classname="testNG.InvocationCountPractice" name="demo5" time="0.001"/>
  <system-out/>
  <testcase classname="testNG.InvocationCountPractice" name="demo4" time="0.002"/>
  <system-out/>
</testsuite> <!-- testNG.InvocationCountPractice -->
