<?xml version="1.0" encoding="UTF-8"?>
<!-- Generated by org.testng.reporters.JUnitReportReporter -->
<testsuite hostname="DESKTOP-F52EDBA" failures="0" tests="1" name="batchExecution.ThirdTest" time="0.003" errors="0" timestamp="2023-01-21T11:33:20 IST" skipped="0">
  <testcase classname="batchExecution.ThirdTest" name="demo" time="0.003"/>
  <system-out>
    <![CDATA[ThirdTest]]>
  </system-out>
</testsuite> <!-- batchExecution.ThirdTest -->
