<?xml version="1.0" encoding="UTF-8"?>
<!-- Generated by org.testng.reporters.JUnitReportReporter -->
<testsuite hostname="DESKTOP-F52EDBA" failures="0" tests="3" name="groupExecution.FirstTest" time="0.004" errors="0" timestamp="2023-01-21T11:51:00 IST" skipped="0">
  <testcase classname="groupExecution.FirstTest" name="test0" time="0.001"/>
  <system-out/>
  <testcase classname="groupExecution.FirstTest" name="test1" time="0.002"/>
  <system-out/>
  <testcase classname="groupExecution.FirstTest" name="test2" time="0.001"/>
  <system-out/>
</testsuite> <!-- groupExecution.FirstTest -->
