<?xml version="1.0" encoding="UTF-8"?>
<!-- Generated by org.testng.reporters.JUnitReportReporter -->
<testsuite hostname="DESKTOP-F52EDBA" failures="0" tests="1" name="distributedparallelexecution.FourthTest" time="0.015" errors="0" timestamp="2023-01-23T11:22:55 IST" skipped="0">
  <testcase classname="distributedparallelexecution.FourthTest" name="demo" time="0.015"/>
  <system-out>
    <![CDATA[FourthTest]]>
  </system-out>
</testsuite> <!-- distributedparallelexecution.FourthTest -->
