<?xml version="1.0" encoding="UTF-8"?>
<!-- Generated by org.testng.reporters.JUnitReportReporter -->
<testsuite hostname="DESKTOP-F52EDBA" failures="0" tests="1" name="distributedparallelexecution.ThirdTest" time="0.002" errors="0" timestamp="2023-01-23T11:22:55 IST" skipped="0">
  <testcase classname="distributedparallelexecution.ThirdTest" name="demo" time="0.002"/>
  <system-out>
    <![CDATA[ThirdTest]]>
  </system-out>
</testsuite> <!-- distributedparallelexecution.ThirdTest -->
