<?xml version="1.0" encoding="UTF-8"?>
<!-- Generated by org.testng.reporters.JUnitReportReporter -->
<testsuite hostname="DESKTOP-F52EDBA" failures="0" tests="1" name="batchExecution.FifthTest" time="0.011" errors="0" timestamp="2023-01-21T11:33:20 IST" skipped="0">
  <testcase classname="batchExecution.FifthTest" name="demo" time="0.011"/>
  <system-out>
    <![CDATA[FifthTest]]>
  </system-out>
</testsuite> <!-- batchExecution.FifthTest -->
