<?xml version="1.0" encoding="UTF-8"?>
<!-- Generated by org.testng.reporters.JUnitReportReporter -->
<testsuite hostname="DESKTOP-F52EDBA" failures="0" tests="1" name="testNG.AnnotationsPractice" time="0.009" errors="0" timestamp="2023-01-20T11:49:14 IST" skipped="0">
  <testcase classname="testNG.AnnotationsPractice" name="test" time="0.009"/>
  <system-out/>
</testsuite> <!-- testNG.AnnotationsPractice -->
