<?xml version="1.0" encoding="UTF-8"?>
<!-- Generated by org.testng.reporters.JUnitReportReporter -->
<testsuite hostname="DESKTOP-F52EDBA" failures="0" tests="1" name="distributedparallelexecution.SecondTest" time="0.008" errors="0" timestamp="2023-01-23T11:22:55 IST" skipped="0">
  <testcase classname="distributedparallelexecution.SecondTest" name="demo" time="0.008"/>
  <system-out>
    <![CDATA[SecondTest]]>
  </system-out>
</testsuite> <!-- distributedparallelexecution.SecondTest -->
