<?xml version="1.0" encoding="UTF-8"?>
<!-- Generated by org.testng.reporters.JUnitReportReporter -->
<testsuite hostname="DESKTOP-F52EDBA" failures="0" tests="3" name="crossbrowserparallel.GoogleTest" time="38.050" errors="0" timestamp="2023-01-24T10:25:10 IST" skipped="0">
  <testcase classname="crossbrowserparallel.GoogleTest" name="simpleTest" time="7.491"/>
  <system-out/>
  <testcase classname="crossbrowserparallel.GoogleTest" name="simpleTest" time="10.004"/>
  <system-out/>
  <testcase classname="crossbrowserparallel.GoogleTest" name="simpleTest" time="20.555"/>
  <system-out/>
</testsuite> <!-- crossbrowserparallel.GoogleTest -->
